# JRE version: Java(TM) SE Runtime Environment (8.0_171-b11) (build 1.8.0_171-b11)
# Java VM: Java HotSpot(TM) 64-Bit Server VM (25.171-b11 mixed mode linux-amd64 compressed oops)
Heap:
 PSYoungGen      total 257024K, used 4709K [0x00000000d6f00000, 0x00000000e6f00000, 0x0000000100000000)
  eden space 251904K, 0% used [0x00000000d6f00000,0x00000000d6f00000,0x00000000e6500000)
  from space 5120K, 91% used [0x00000000e6500000,0x00000000e69997d8,0x00000000e6a00000)
  to   space 5120K, 0% used [0x00000000e6a00000,0x00000000e6a00000,0x00000000e6f00000)
 ParOldGen       total 84992K, used 11696K [0x0000000084c00000, 0x0000000089f00000, 0x00000000d6f00000)
  object space 84992K, 13% used [0x0000000084c00000,0x000000008576c1f8,0x0000000089f00000)
 Metaspace       used 17357K, capacity 17572K, committed 17792K, reserved 1064960K
  class space    used 2015K, capacity 2078K, committed 2176K, reserved 1048576K
GC Heap History (10 events):
Event: 3.566 GC heap after
Heap after GC invocations=4 (full 0):
 PSYoungGen      total 68608K, used 3121K [0x00000000d6f00000, 0x00000000db700000, 0x0000000100000000)
  eden space 63488K, 0% used [0x00000000d6f00000,0x00000000d6f00000,0x00000000dad00000)
  from space 5120K, 60% used [0x00000000db200000,0x00000000db50c4a8,0x00000000db700000)
  to   space 5120K, 0% used [0x00000000dad00000,0x00000000dad00000,0x00000000db200000)
 ParOldGen       total 84992K, used 40K [0x0000000084c00000, 0x0000000089f00000, 0x00000000d6f00000)
  object space 84992K, 0% used [0x0000000084c00000,0x0000000084c0a000,0x0000000089f00000)
 Metaspace       used 14104K, capacity 14360K, committed 14720K, reserved 1062912K
  class space    used 1735K, capacity 1820K, committed 1920K, reserved 1048576K
}
Event: 3.912 GC heap before
{Heap before GC invocations=5 (full 0):
 PSYoungGen      total 68608K, used 66609K [0x00000000d6f00000, 0x00000000db700000, 0x0000000100000000)
  eden space 63488K, 100% used [0x00000000d6f00000,0x00000000dad00000,0x00000000dad00000)
  from space 5120K, 60% used [0x00000000db200000,0x00000000db50c4a8,0x00000000db700000)
  to   space 5120K, 0% used [0x00000000dad00000,0x00000000dad00000,0x00000000db200000)
 ParOldGen       total 84992K, used 40K [0x0000000084c00000, 0x0000000089f00000, 0x00000000d6f00000)
  object space 84992K, 0% used [0x0000000084c00000,0x0000000084c0a000,0x0000000089f00000)
 Metaspace       used 14320K, capacity 14552K, committed 14720K, reserved 1062912K
  class space    used 1745K, capacity 1820K, committed 1920K, reserved 1048576K
Event: 3.927 GC heap after
Heap after GC invocations=5 (full 0):
 PSYoungGen      total 68608K, used 3991K [0x00000000d6f00000, 0x00000000df300000, 0x0000000100000000)
  eden space 63488K, 0% used [0x00000000d6f00000,0x00000000d6f00000,0x00000000dad00000)
  from space 5120K, 77% used [0x00000000dad00000,0x00000000db0e5e68,0x00000000db200000)
  to   space 4096K, 0% used [0x00000000def00000,0x00000000def00000,0x00000000df300000)
 ParOldGen       total 84992K, used 48K [0x0000000084c00000, 0x0000000089f00000, 0x00000000d6f00000)
  object space 84992K, 0% used [0x0000000084c00000,0x0000000084c0c000,0x0000000089f00000)
 Metaspace       used 14320K, capacity 14552K, committed 14720K, reserved 1062912K
  class space    used 1745K, capacity 1820K, committed 1920K, reserved 1048576K
}
Event: 4.287 GC heap before
{Heap before GC invocations=6 (full 0):
 PSYoungGen      total 68608K, used 67479K [0x00000000d6f00000, 0x00000000df300000, 0x0000000100000000)
  eden space 63488K, 100% used [0x00000000d6f00000,0x00000000dad00000,0x00000000dad00000)
  from space 5120K, 77% used [0x00000000dad00000,0x00000000db0e5e68,0x00000000db200000)
  to   space 4096K, 0% used [0x00000000def00000,0x00000000def00000,0x00000000df300000)
 ParOldGen       total 84992K, used 48K [0x0000000084c00000, 0x0000000089f00000, 0x00000000d6f00000)
  object space 84992K, 0% used [0x0000000084c00000,0x0000000084c0c000,0x0000000089f00000)
 Metaspace       used 15808K, capacity 16024K, committed 16384K, reserved 1062912K
  class space    used 1887K, capacity 1948K, committed 2048K, reserved 1048576K
Event: 4.296 GC heap after
Heap after GC invocations=6 (full 0):
 PSYoungGen      total 130048K, used 4095K [0x00000000d6f00000, 0x00000000df500000, 0x0000000100000000)
  eden space 125952K, 0% used [0x00000000d6f00000,0x00000000d6f00000,0x00000000dea00000)
  from space 4096K, 99% used [0x00000000def00000,0x00000000df2ffe40,0x00000000df300000)
  to   space 5120K, 0% used [0x00000000dea00000,0x00000000dea00000,0x00000000def00000)
 ParOldGen       total 84992K, used 919K [0x0000000084c00000, 0x0000000089f00000, 0x00000000d6f00000)
  object space 84992K, 1% used [0x0000000084c00000,0x0000000084ce5cf0,0x0000000089f00000)
 Metaspace       used 15808K, capacity 16024K, committed 16384K, reserved 1062912K
  class space    used 1887K, capacity 1948K, committed 2048K, reserved 1048576K
}
Event: 4.523 GC heap before
{Heap before GC invocations=7 (full 0):
 PSYoungGen      total 130048K, used 130047K [0x00000000d6f00000, 0x00000000df500000, 0x0000000100000000)
  eden space 125952K, 100% used [0x00000000d6f00000,0x00000000dea00000,0x00000000dea00000)
  from space 4096K, 99% used [0x00000000def00000,0x00000000df2ffe40,0x00000000df300000)
  to   space 5120K, 0% used [0x00000000dea00000,0x00000000dea00000,0x00000000def00000)
 ParOldGen       total 84992K, used 919K [0x0000000084c00000, 0x0000000089f00000, 0x00000000d6f00000)
  object space 84992K, 1% used [0x0000000084c00000,0x0000000084ce5cf0,0x0000000089f00000)
 Metaspace       used 15819K, capacity 16024K, committed 16384K, reserved 1062912K
  class space    used 1887K, capacity 1948K, committed 2048K, reserved 1048576K
Event: 4.534 GC heap after
Heap after GC invocations=7 (full 0):
 PSYoungGen      total 131072K, used 2727K [0x00000000d6f00000, 0x00000000e6f00000, 0x0000000100000000)
  eden space 125952K, 0% used [0x00000000d6f00000,0x00000000d6f00000,0x00000000dea00000)
  from space 5120K, 53% used [0x00000000dea00000,0x00000000deca9eb8,0x00000000def00000)
  to   space 5120K, 0% used [0x00000000e6a00000,0x00000000e6a00000,0x00000000e6f00000)
 ParOldGen       total 84992K, used 3591K [0x0000000084c00000, 0x0000000089f00000, 0x00000000d6f00000)
  object space 84992K, 4% used [0x0000000084c00000,0x0000000084f81ea8,0x0000000089f00000)
 Metaspace       used 15819K, capacity 16024K, committed 16384K, reserved 1062912K
  class space    used 1887K, capacity 1948K, committed 2048K, reserved 1048576K
}
Event: 4.703 GC heap before
{Heap before GC invocations=8 (full 0):
 PSYoungGen      total 131072K, used 128679K [0x00000000d6f00000, 0x00000000e6f00000, 0x0000000100000000)
  eden space 125952K, 100% used [0x00000000d6f00000,0x00000000dea00000,0x00000000dea00000)
  from space 5120K, 53% used [0x00000000dea00000,0x00000000deca9eb8,0x00000000def00000)
  to   space 5120K, 0% used [0x00000000e6a00000,0x00000000e6a00000,0x00000000e6f00000)
 ParOldGen       total 84992K, used 3591K [0x0000000084c00000, 0x0000000089f00000, 0x00000000d6f00000)
  object space 84992K, 4% used [0x0000000084c00000,0x0000000084f81ea8,0x0000000089f00000)
 Metaspace       used 15821K, capacity 16024K, committed 16384K, reserved 1062912K
  class space    used 1887K, capacity 1948K, committed 2048K, reserved 1048576K
Event: 4.708 GC heap after
Heap after GC invocations=8 (full 0):
 PSYoungGen      total 257024K, used 1812K [0x00000000d6f00000, 0x00000000e6f00000, 0x0000000100000000)
  eden space 251904K, 0% used [0x00000000d6f00000,0x00000000d6f00000,0x00000000e6500000)
  from space 5120K, 35% used [0x00000000e6a00000,0x00000000e6bc52d0,0x00000000e6f00000)
  to   space 5120K, 0% used [0x00000000e6500000,0x00000000e6500000,0x00000000e6a00000)
 ParOldGen       total 84992K, used 3895K [0x0000000084c00000, 0x0000000089f00000, 0x00000000d6f00000)
  object space 84992K, 4% used [0x0000000084c00000,0x0000000084fcdea8,0x0000000089f00000)
 Metaspace       used 15821K, capacity 16024K, committed 16384K, reserved 1062912K
  class space    used 1887K, capacity 1948K, committed 2048K, reserved 1048576K
}
Event: 7.606 GC heap before
{Heap before GC invocations=9 (full 0):
 PSYoungGen      total 257024K, used 253716K [0x00000000d6f00000, 0x00000000e6f00000, 0x0000000100000000)
  eden space 251904K, 100% used [0x00000000d6f00000,0x00000000e6500000,0x00000000e6500000)
  from space 5120K, 35% used [0x00000000e6a00000,0x00000000e6bc52d0,0x00000000e6f00000)
  to   space 5120K, 0% used [0x00000000e6500000,0x00000000e6500000,0x00000000e6a00000)
 ParOldGen       total 84992K, used 3895K [0x0000000084c00000, 0x0000000089f00000, 0x00000000d6f00000)
  object space 84992K, 4% used [0x0000000084c00000,0x0000000084fcdea8,0x0000000089f00000)
 Metaspace       used 17357K, capacity 17572K, committed 17792K, reserved 1064960K
  class space    used 2015K, capacity 2078K, committed 2176K, reserved 1048576K

