# JRE version: Java(TM) SE Runtime Environment (8.0_171-b11) (build 1.8.0_171-b11)
# Java VM: Java HotSpot(TM) 64-Bit Server VM (25.171-b11 mixed mode linux-amd64 compressed oops)
Heap:
 PSYoungGen      total 411136K, used 1230K [0x00000000d6f00000, 0x00000000f0780000, 0x0000000100000000)
  eden space 404480K, 0% used [0x00000000d6f00000,0x00000000d6f00000,0x00000000efa00000)
  from space 6656K, 18% used [0x00000000efa00000,0x00000000efb339f0,0x00000000f0080000)
  to   space 6144K, 0% used [0x00000000f0080000,0x00000000f0080000,0x00000000f0680000)
 ParOldGen       total 84992K, used 11972K [0x0000000084c00000, 0x0000000089f00000, 0x00000000d6f00000)
  object space 84992K, 14% used [0x0000000084c00000,0x00000000857b1190,0x0000000089f00000)
 Metaspace       used 17971K, capacity 18244K, committed 18560K, reserved 1064960K
  class space    used 2049K, capacity 2110K, committed 2176K, reserved 1048576K
GC Heap History (10 events):
Event: 5.148 GC heap after
Heap after GC invocations=6 (full 0):
 PSYoungGen      total 131072K, used 4590K [0x00000000d6f00000, 0x00000000df500000, 0x0000000100000000)
  eden space 126464K, 0% used [0x00000000d6f00000,0x00000000d6f00000,0x00000000dea80000)
  from space 4608K, 99% used [0x00000000def80000,0x00000000df3fbb78,0x00000000df400000)
  to   space 5120K, 0% used [0x00000000dea80000,0x00000000dea80000,0x00000000def80000)
 ParOldGen       total 84992K, used 132K [0x0000000084c00000, 0x0000000089f00000, 0x00000000d6f00000)
  object space 84992K, 0% used [0x0000000084c00000,0x0000000084c21350,0x0000000089f00000)
 Metaspace       used 15841K, capacity 16120K, committed 16384K, reserved 1062912K
  class space    used 1891K, capacity 1980K, committed 2048K, reserved 1048576K
}
Event: 5.371 GC heap before
{Heap before GC invocations=7 (full 0):
 PSYoungGen      total 131072K, used 131054K [0x00000000d6f00000, 0x00000000df500000, 0x0000000100000000)
  eden space 126464K, 100% used [0x00000000d6f00000,0x00000000dea80000,0x00000000dea80000)
  from space 4608K, 99% used [0x00000000def80000,0x00000000df3fbb78,0x00000000df400000)
  to   space 5120K, 0% used [0x00000000dea80000,0x00000000dea80000,0x00000000def80000)
 ParOldGen       total 84992K, used 132K [0x0000000084c00000, 0x0000000089f00000, 0x00000000d6f00000)
  object space 84992K, 0% used [0x0000000084c00000,0x0000000084c21350,0x0000000089f00000)
 Metaspace       used 15851K, capacity 16120K, committed 16384K, reserved 1062912K
  class space    used 1891K, capacity 1980K, committed 2048K, reserved 1048576K
Event: 5.380 GC heap after
Heap after GC invocations=7 (full 0):
 PSYoungGen      total 131584K, used 1862K [0x00000000d6f00000, 0x00000000e7100000, 0x0000000100000000)
  eden space 126464K, 0% used [0x00000000d6f00000,0x00000000d6f00000,0x00000000dea80000)
  from space 5120K, 36% used [0x00000000dea80000,0x00000000dec518e0,0x00000000def80000)
  to   space 5632K, 0% used [0x00000000e6b80000,0x00000000e6b80000,0x00000000e7100000)
 ParOldGen       total 84992K, used 2681K [0x0000000084c00000, 0x0000000089f00000, 0x00000000d6f00000)
  object space 84992K, 3% used [0x0000000084c00000,0x0000000084e9e668,0x0000000089f00000)
 Metaspace       used 15851K, capacity 16120K, committed 16384K, reserved 1062912K
  class space    used 1891K, capacity 1980K, committed 2048K, reserved 1048576K
}
Event: 5.600 GC heap before
{Heap before GC invocations=8 (full 0):
 PSYoungGen      total 131584K, used 128326K [0x00000000d6f00000, 0x00000000e7100000, 0x0000000100000000)
  eden space 126464K, 100% used [0x00000000d6f00000,0x00000000dea80000,0x00000000dea80000)
  from space 5120K, 36% used [0x00000000dea80000,0x00000000dec518e0,0x00000000def80000)
  to   space 5632K, 0% used [0x00000000e6b80000,0x00000000e6b80000,0x00000000e7100000)
 ParOldGen       total 84992K, used 2681K [0x0000000084c00000, 0x0000000089f00000, 0x00000000d6f00000)
  object space 84992K, 3% used [0x0000000084c00000,0x0000000084e9e668,0x0000000089f00000)
 Metaspace       used 15851K, capacity 16120K, committed 16384K, reserved 1062912K
  class space    used 1891K, capacity 1980K, committed 2048K, reserved 1048576K
Event: 5.619 GC heap after
Heap after GC invocations=8 (full 0):
 PSYoungGen      total 258560K, used 2518K [0x00000000d6f00000, 0x00000000e7100000, 0x0000000100000000)
  eden space 252928K, 0% used [0x00000000d6f00000,0x00000000d6f00000,0x00000000e6600000)
  from space 5632K, 44% used [0x00000000e6b80000,0x00000000e6df58a8,0x00000000e7100000)
  to   space 5632K, 0% used [0x00000000e6600000,0x00000000e6600000,0x00000000e6b80000)
 ParOldGen       total 84992K, used 3129K [0x0000000084c00000, 0x0000000089f00000, 0x00000000d6f00000)
  object space 84992K, 3% used [0x0000000084c00000,0x0000000084f0e668,0x0000000089f00000)
 Metaspace       used 15851K, capacity 16120K, committed 16384K, reserved 1062912K
  class space    used 1891K, capacity 1980K, committed 2048K, reserved 1048576K
}
Event: 9.964 GC heap before
{Heap before GC invocations=9 (full 0):
 PSYoungGen      total 258560K, used 255446K [0x00000000d6f00000, 0x00000000e7100000, 0x0000000100000000)
  eden space 252928K, 100% used [0x00000000d6f00000,0x00000000e6600000,0x00000000e6600000)
  from space 5632K, 44% used [0x00000000e6b80000,0x00000000e6df58a8,0x00000000e7100000)
  to   space 5632K, 0% used [0x00000000e6600000,0x00000000e6600000,0x00000000e6b80000)
 ParOldGen       total 84992K, used 3129K [0x0000000084c00000, 0x0000000089f00000, 0x00000000d6f00000)
  object space 84992K, 3% used [0x0000000084c00000,0x0000000084f0e668,0x0000000089f00000)
 Metaspace       used 17949K, capacity 18180K, committed 18560K, reserved 1064960K
  class space    used 2049K, capacity 2110K, committed 2176K, reserved 1048576K
Event: 9.973 GC heap after
Heap after GC invocations=9 (full 0):
 PSYoungGen      total 258560K, used 5258K [0x00000000d6f00000, 0x00000000f0680000, 0x0000000100000000)
  eden space 252928K, 0% used [0x00000000d6f00000,0x00000000d6f00000,0x00000000e6600000)
  from space 5632K, 93% used [0x00000000e6600000,0x00000000e6b22b58,0x00000000e6b80000)
  to   space 6144K, 0% used [0x00000000f0080000,0x00000000f0080000,0x00000000f0680000)
 ParOldGen       total 84992K, used 7664K [0x0000000084c00000, 0x0000000089f00000, 0x00000000d6f00000)
  object space 84992K, 9% used [0x0000000084c00000,0x000000008537c0a0,0x0000000089f00000)
 Metaspace       used 17949K, capacity 18180K, committed 18560K, reserved 1064960K
  class space    used 2049K, capacity 2110K, committed 2176K, reserved 1048576K
}
Event: 10.176 GC heap before
{Heap before GC invocations=10 (full 0):
 PSYoungGen      total 258560K, used 258186K [0x00000000d6f00000, 0x00000000f0680000, 0x0000000100000000)
  eden space 252928K, 100% used [0x00000000d6f00000,0x00000000e6600000,0x00000000e6600000)
  from space 5632K, 93% used [0x00000000e6600000,0x00000000e6b22b58,0x00000000e6b80000)
  to   space 6144K, 0% used [0x00000000f0080000,0x00000000f0080000,0x00000000f0680000)
 ParOldGen       total 84992K, used 7664K [0x0000000084c00000, 0x0000000089f00000, 0x00000000d6f00000)
  object space 84992K, 9% used [0x0000000084c00000,0x000000008537c0a0,0x0000000089f00000)
 Metaspace       used 17954K, capacity 18180K, committed 18560K, reserved 1064960K
  class space    used 2049K, capacity 2110K, committed 2176K, reserved 1048576K
Event: 10.183 GC heap after
Heap after GC invocations=10 (full 0):
 PSYoungGen      total 410624K, used 5355K [0x00000000d6f00000, 0x00000000f0780000, 0x0000000100000000)
  eden space 404480K, 0% used [0x00000000d6f00000,0x00000000d6f00000,0x00000000efa00000)
  from space 6144K, 87% used [0x00000000f0080000,0x00000000f05bad98,0x00000000f0680000)
  to   space 6656K, 0% used [0x00000000efa00000,0x00000000efa00000,0x00000000f0080000)
 ParOldGen       total 84992K, used 8352K [0x0000000084c00000, 0x0000000089f00000, 0x00000000d6f00000)
  object space 84992K, 9% used [0x0000000084c00000,0x00000000854282e0,0x0000000089f00000)
 Metaspace       used 17954K, capacity 18180K, committed 18560K, reserved 1064960K
  class space    used 2049K, capacity 2110K, committed 2176K, reserved 1048576K
}
Event: 10.842 GC heap before
{Heap before GC invocations=11 (full 0):
 PSYoungGen      total 410624K, used 409835K [0x00000000d6f00000, 0x00000000f0780000, 0x0000000100000000)
  eden space 404480K, 100% used [0x00000000d6f00000,0x00000000efa00000,0x00000000efa00000)
  from space 6144K, 87% used [0x00000000f0080000,0x00000000f05bad98,0x00000000f0680000)
  to   space 6656K, 0% used [0x00000000efa00000,0x00000000efa00000,0x00000000f0080000)
 ParOldGen       total 84992K, used 8352K [0x0000000084c00000, 0x0000000089f00000, 0x00000000d6f00000)
  object space 84992K, 9% used [0x0000000084c00000,0x00000000854282e0,0x0000000089f00000)
 Metaspace       used 17971K, capacity 18244K, committed 18560K, reserved 1064960K
  class space    used 2049K, capacity 2110K, committed 2176K, reserved 1048576K

