# JRE version: Java(TM) SE Runtime Environment (8.0_171-b11) (build 1.8.0_171-b11)
# Java VM: Java HotSpot(TM) 64-Bit Server VM (25.171-b11 mixed mode linux-amd64 compressed oops)
Heap:
 PSYoungGen      total 257536K, used 3335K [0x00000000d6f00000, 0x00000000e7000000, 0x0000000100000000)
  eden space 251904K, 0% used [0x00000000d6f00000,0x00000000d6f00000,0x00000000e6500000)
  from space 5632K, 59% used [0x00000000e6500000,0x00000000e6841f70,0x00000000e6a80000)
  to   space 5632K, 0% used [0x00000000e6a80000,0x00000000e6a80000,0x00000000e7000000)
 ParOldGen       total 84992K, used 4962K [0x0000000084c00000, 0x0000000089f00000, 0x00000000d6f00000)
  object space 84992K, 5% used [0x0000000084c00000,0x00000000850d8af8,0x0000000089f00000)
 Metaspace       used 17391K, capacity 17700K, committed 18048K, reserved 1064960K
  class space    used 2035K, capacity 2142K, committed 2176K, reserved 1048576K
GC Heap History (10 events):
Event: 4.125 GC heap after
Heap after GC invocations=4 (full 0):
 PSYoungGen      total 68608K, used 3693K [0x00000000d6f00000, 0x00000000db700000, 0x0000000100000000)
  eden space 63488K, 0% used [0x00000000d6f00000,0x00000000d6f00000,0x00000000dad00000)
  from space 5120K, 72% used [0x00000000db200000,0x00000000db59b408,0x00000000db700000)
  to   space 5120K, 0% used [0x00000000dad00000,0x00000000dad00000,0x00000000db200000)
 ParOldGen       total 84992K, used 40K [0x0000000084c00000, 0x0000000089f00000, 0x00000000d6f00000)
  object space 84992K, 0% used [0x0000000084c00000,0x0000000084c0a000,0x0000000089f00000)
 Metaspace       used 14270K, capacity 14488K, committed 14720K, reserved 1062912K
  class space    used 1748K, capacity 1820K, committed 1920K, reserved 1048576K
}
Event: 4.553 GC heap before
{Heap before GC invocations=5 (full 0):
 PSYoungGen      total 68608K, used 67181K [0x00000000d6f00000, 0x00000000db700000, 0x0000000100000000)
  eden space 63488K, 100% used [0x00000000d6f00000,0x00000000dad00000,0x00000000dad00000)
  from space 5120K, 72% used [0x00000000db200000,0x00000000db59b408,0x00000000db700000)
  to   space 5120K, 0% used [0x00000000dad00000,0x00000000dad00000,0x00000000db200000)
 ParOldGen       total 84992K, used 40K [0x0000000084c00000, 0x0000000089f00000, 0x00000000d6f00000)
  object space 84992K, 0% used [0x0000000084c00000,0x0000000084c0a000,0x0000000089f00000)
 Metaspace       used 15092K, capacity 15352K, committed 15488K, reserved 1062912K
  class space    used 1808K, capacity 1916K, committed 1920K, reserved 1048576K
Event: 4.560 GC heap after
Heap after GC invocations=5 (full 0):
 PSYoungGen      total 68608K, used 4128K [0x00000000d6f00000, 0x00000000df400000, 0x0000000100000000)
  eden space 63488K, 0% used [0x00000000d6f00000,0x00000000d6f00000,0x00000000dad00000)
  from space 5120K, 80% used [0x00000000dad00000,0x00000000db108368,0x00000000db200000)
  to   space 4608K, 0% used [0x00000000def80000,0x00000000def80000,0x00000000df400000)
 ParOldGen       total 84992K, used 48K [0x0000000084c00000, 0x0000000089f00000, 0x00000000d6f00000)
  object space 84992K, 0% used [0x0000000084c00000,0x0000000084c0c000,0x0000000089f00000)
 Metaspace       used 15092K, capacity 15352K, committed 15488K, reserved 1062912K
  class space    used 1808K, capacity 1916K, committed 1920K, reserved 1048576K
}
Event: 4.880 GC heap before
{Heap before GC invocations=6 (full 0):
 PSYoungGen      total 68608K, used 67616K [0x00000000d6f00000, 0x00000000df400000, 0x0000000100000000)
  eden space 63488K, 100% used [0x00000000d6f00000,0x00000000dad00000,0x00000000dad00000)
  from space 5120K, 80% used [0x00000000dad00000,0x00000000db108368,0x00000000db200000)
  to   space 4608K, 0% used [0x00000000def80000,0x00000000def80000,0x00000000df400000)
 ParOldGen       total 84992K, used 48K [0x0000000084c00000, 0x0000000089f00000, 0x00000000d6f00000)
  object space 84992K, 0% used [0x0000000084c00000,0x0000000084c0c000,0x0000000089f00000)
 Metaspace       used 15970K, capacity 16184K, committed 16384K, reserved 1062912K
  class space    used 1901K, capacity 1980K, committed 2048K, reserved 1048576K
Event: 4.887 GC heap after
Heap after GC invocations=6 (full 0):
 PSYoungGen      total 130560K, used 4583K [0x00000000d6f00000, 0x00000000df600000, 0x0000000100000000)
  eden space 125952K, 0% used [0x00000000d6f00000,0x00000000d6f00000,0x00000000dea00000)
  from space 4608K, 99% used [0x00000000def80000,0x00000000df3f9cb0,0x00000000df400000)
  to   space 5632K, 0% used [0x00000000dea00000,0x00000000dea00000,0x00000000def80000)
 ParOldGen       total 84992K, used 733K [0x0000000084c00000, 0x0000000089f00000, 0x00000000d6f00000)
  object space 84992K, 0% used [0x0000000084c00000,0x0000000084cb7530,0x0000000089f00000)
 Metaspace       used 15970K, capacity 16184K, committed 16384K, reserved 1062912K
  class space    used 1901K, capacity 1980K, committed 2048K, reserved 1048576K
}
Event: 5.109 GC heap before
{Heap before GC invocations=7 (full 0):
 PSYoungGen      total 130560K, used 130535K [0x00000000d6f00000, 0x00000000df600000, 0x0000000100000000)
  eden space 125952K, 100% used [0x00000000d6f00000,0x00000000dea00000,0x00000000dea00000)
  from space 4608K, 99% used [0x00000000def80000,0x00000000df3f9cb0,0x00000000df400000)
  to   space 5632K, 0% used [0x00000000dea00000,0x00000000dea00000,0x00000000def80000)
 ParOldGen       total 84992K, used 733K [0x0000000084c00000, 0x0000000089f00000, 0x00000000d6f00000)
  object space 84992K, 0% used [0x0000000084c00000,0x0000000084cb7530,0x0000000089f00000)
 Metaspace       used 15984K, capacity 16184K, committed 16384K, reserved 1062912K
  class space    used 1901K, capacity 1980K, committed 2048K, reserved 1048576K
Event: 5.135 GC heap after
Heap after GC invocations=7 (full 0):
 PSYoungGen      total 131584K, used 1970K [0x00000000d6f00000, 0x00000000e7000000, 0x0000000100000000)
  eden space 125952K, 0% used [0x00000000d6f00000,0x00000000d6f00000,0x00000000dea00000)
  from space 5632K, 34% used [0x00000000dea00000,0x00000000debecba0,0x00000000def80000)
  to   space 5632K, 0% used [0x00000000e6a80000,0x00000000e6a80000,0x00000000e7000000)
 ParOldGen       total 84992K, used 3526K [0x0000000084c00000, 0x0000000089f00000, 0x00000000d6f00000)
  object space 84992K, 4% used [0x0000000084c00000,0x0000000084f71ad8,0x0000000089f00000)
 Metaspace       used 15984K, capacity 16184K, committed 16384K, reserved 1062912K
  class space    used 1901K, capacity 1980K, committed 2048K, reserved 1048576K
}
Event: 5.303 GC heap before
{Heap before GC invocations=8 (full 0):
 PSYoungGen      total 131584K, used 127922K [0x00000000d6f00000, 0x00000000e7000000, 0x0000000100000000)
  eden space 125952K, 100% used [0x00000000d6f00000,0x00000000dea00000,0x00000000dea00000)
  from space 5632K, 34% used [0x00000000dea00000,0x00000000debecba0,0x00000000def80000)
  to   space 5632K, 0% used [0x00000000e6a80000,0x00000000e6a80000,0x00000000e7000000)
 ParOldGen       total 84992K, used 3526K [0x0000000084c00000, 0x0000000089f00000, 0x00000000d6f00000)
  object space 84992K, 4% used [0x0000000084c00000,0x0000000084f71ad8,0x0000000089f00000)
 Metaspace       used 15985K, capacity 16184K, committed 16384K, reserved 1062912K
  class space    used 1901K, capacity 1980K, committed 2048K, reserved 1048576K
Event: 5.314 GC heap after
Heap after GC invocations=8 (full 0):
 PSYoungGen      total 257536K, used 2324K [0x00000000d6f00000, 0x00000000e7000000, 0x0000000100000000)
  eden space 251904K, 0% used [0x00000000d6f00000,0x00000000d6f00000,0x00000000e6500000)
  from space 5632K, 41% used [0x00000000e6a80000,0x00000000e6cc52d0,0x00000000e7000000)
  to   space 5632K, 0% used [0x00000000e6500000,0x00000000e6500000,0x00000000e6a80000)
 ParOldGen       total 84992K, used 3998K [0x0000000084c00000, 0x0000000089f00000, 0x00000000d6f00000)
  object space 84992K, 4% used [0x0000000084c00000,0x0000000084fe7ad8,0x0000000089f00000)
 Metaspace       used 15985K, capacity 16184K, committed 16384K, reserved 1062912K
  class space    used 1901K, capacity 1980K, committed 2048K, reserved 1048576K
}
Event: 8.708 GC heap before
{Heap before GC invocations=9 (full 0):
 PSYoungGen      total 257536K, used 254228K [0x00000000d6f00000, 0x00000000e7000000, 0x0000000100000000)
  eden space 251904K, 100% used [0x00000000d6f00000,0x00000000e6500000,0x00000000e6500000)
  from space 5632K, 41% used [0x00000000e6a80000,0x00000000e6cc52d0,0x00000000e7000000)
  to   space 5632K, 0% used [0x00000000e6500000,0x00000000e6500000,0x00000000e6a80000)
 ParOldGen       total 84992K, used 3998K [0x0000000084c00000, 0x0000000089f00000, 0x00000000d6f00000)
  object space 84992K, 4% used [0x0000000084c00000,0x0000000084fe7ad8,0x0000000089f00000)
 Metaspace       used 17391K, capacity 17700K, committed 18048K, reserved 1064960K
  class space    used 2035K, capacity 2142K, committed 2176K, reserved 1048576K

