# JRE version: Java(TM) SE Runtime Environment (8.0_171-b11) (build 1.8.0_171-b11)
# Java VM: Java HotSpot(TM) 64-Bit Server VM (25.171-b11 mixed mode linux-amd64 compressed oops)
Heap:
 PSYoungGen      total 410624K, used 1400K [0x00000000d6f00000, 0x00000000f0680000, 0x0000000100000000)
  eden space 404480K, 0% used [0x00000000d6f00000,0x00000000d6f00000,0x00000000efa00000)
  from space 6144K, 22% used [0x00000000efa00000,0x00000000efb5e1e8,0x00000000f0000000)
  to   space 5632K, 0% used [0x00000000f0000000,0x00000000f0000000,0x00000000f0580000)
 ParOldGen       total 84992K, used 11956K [0x0000000084c00000, 0x0000000089f00000, 0x00000000d6f00000)
  object space 84992K, 14% used [0x0000000084c00000,0x00000000857ad000,0x0000000089f00000)
 Metaspace       used 17907K, capacity 18168K, committed 18560K, reserved 1064960K
  class space    used 2049K, capacity 2110K, committed 2176K, reserved 1048576K
GC Heap History (10 events):
Event: 5.036 GC heap after
Heap after GC invocations=6 (full 0):
 PSYoungGen      total 131072K, used 4592K [0x00000000d6f00000, 0x00000000df500000, 0x0000000100000000)
  eden space 126464K, 0% used [0x00000000d6f00000,0x00000000d6f00000,0x00000000dea80000)
  from space 4608K, 99% used [0x00000000def80000,0x00000000df3fc108,0x00000000df400000)
  to   space 5120K, 0% used [0x00000000dea80000,0x00000000dea80000,0x00000000def80000)
 ParOldGen       total 84992K, used 108K [0x0000000084c00000, 0x0000000089f00000, 0x00000000d6f00000)
  object space 84992K, 0% used [0x0000000084c00000,0x0000000084c1b1e0,0x0000000089f00000)
 Metaspace       used 15866K, capacity 16108K, committed 16384K, reserved 1062912K
  class space    used 1891K, capacity 1980K, committed 2048K, reserved 1048576K
}
Event: 5.183 GC heap before
{Heap before GC invocations=7 (full 0):
 PSYoungGen      total 131072K, used 131056K [0x00000000d6f00000, 0x00000000df500000, 0x0000000100000000)
  eden space 126464K, 100% used [0x00000000d6f00000,0x00000000dea80000,0x00000000dea80000)
  from space 4608K, 99% used [0x00000000def80000,0x00000000df3fc108,0x00000000df400000)
  to   space 5120K, 0% used [0x00000000dea80000,0x00000000dea80000,0x00000000def80000)
 ParOldGen       total 84992K, used 108K [0x0000000084c00000, 0x0000000089f00000, 0x00000000d6f00000)
  object space 84992K, 0% used [0x0000000084c00000,0x0000000084c1b1e0,0x0000000089f00000)
 Metaspace       used 15875K, capacity 16108K, committed 16384K, reserved 1062912K
  class space    used 1891K, capacity 1980K, committed 2048K, reserved 1048576K
Event: 5.190 GC heap after
Heap after GC invocations=7 (full 0):
 PSYoungGen      total 131584K, used 1862K [0x00000000d6f00000, 0x00000000e7000000, 0x0000000100000000)
  eden space 126464K, 0% used [0x00000000d6f00000,0x00000000d6f00000,0x00000000dea80000)
  from space 5120K, 36% used [0x00000000dea80000,0x00000000dec518e0,0x00000000def80000)
  to   space 5120K, 0% used [0x00000000e6b00000,0x00000000e6b00000,0x00000000e7000000)
 ParOldGen       total 84992K, used 2653K [0x0000000084c00000, 0x0000000089f00000, 0x00000000d6f00000)
  object space 84992K, 3% used [0x0000000084c00000,0x0000000084e97508,0x0000000089f00000)
 Metaspace       used 15875K, capacity 16108K, committed 16384K, reserved 1062912K
  class space    used 1891K, capacity 1980K, committed 2048K, reserved 1048576K
}
Event: 5.365 GC heap before
{Heap before GC invocations=8 (full 0):
 PSYoungGen      total 131584K, used 128326K [0x00000000d6f00000, 0x00000000e7000000, 0x0000000100000000)
  eden space 126464K, 100% used [0x00000000d6f00000,0x00000000dea80000,0x00000000dea80000)
  from space 5120K, 36% used [0x00000000dea80000,0x00000000dec518e0,0x00000000def80000)
  to   space 5120K, 0% used [0x00000000e6b00000,0x00000000e6b00000,0x00000000e7000000)
 ParOldGen       total 84992K, used 2653K [0x0000000084c00000, 0x0000000089f00000, 0x00000000d6f00000)
  object space 84992K, 3% used [0x0000000084c00000,0x0000000084e97508,0x0000000089f00000)
 Metaspace       used 15876K, capacity 16108K, committed 16384K, reserved 1062912K
  class space    used 1891K, capacity 1980K, committed 2048K, reserved 1048576K
Event: 5.370 GC heap after
Heap after GC invocations=8 (full 0):
 PSYoungGen      total 258048K, used 2469K [0x00000000d6f00000, 0x00000000e7000000, 0x0000000100000000)
  eden space 252928K, 0% used [0x00000000d6f00000,0x00000000d6f00000,0x00000000e6600000)
  from space 5120K, 48% used [0x00000000e6b00000,0x00000000e6d69788,0x00000000e7000000)
  to   space 5120K, 0% used [0x00000000e6600000,0x00000000e6600000,0x00000000e6b00000)
 ParOldGen       total 84992K, used 3117K [0x0000000084c00000, 0x0000000089f00000, 0x00000000d6f00000)
  object space 84992K, 3% used [0x0000000084c00000,0x0000000084f0b508,0x0000000089f00000)
 Metaspace       used 15876K, capacity 16108K, committed 16384K, reserved 1062912K
  class space    used 1891K, capacity 1980K, committed 2048K, reserved 1048576K
}
Event: 8.188 GC heap before
{Heap before GC invocations=9 (full 0):
 PSYoungGen      total 258048K, used 255397K [0x00000000d6f00000, 0x00000000e7000000, 0x0000000100000000)
  eden space 252928K, 100% used [0x00000000d6f00000,0x00000000e6600000,0x00000000e6600000)
  from space 5120K, 48% used [0x00000000e6b00000,0x00000000e6d69788,0x00000000e7000000)
  to   space 5120K, 0% used [0x00000000e6600000,0x00000000e6600000,0x00000000e6b00000)
 ParOldGen       total 84992K, used 3117K [0x0000000084c00000, 0x0000000089f00000, 0x00000000d6f00000)
  object space 84992K, 3% used [0x0000000084c00000,0x0000000084f0b508,0x0000000089f00000)
 Metaspace       used 17885K, capacity 18168K, committed 18560K, reserved 1064960K
  class space    used 2049K, capacity 2110K, committed 2176K, reserved 1048576K
Event: 8.215 GC heap after
Heap after GC invocations=9 (full 0):
 PSYoungGen      total 258048K, used 5103K [0x00000000d6f00000, 0x00000000f0580000, 0x0000000100000000)
  eden space 252928K, 0% used [0x00000000d6f00000,0x00000000d6f00000,0x00000000e6600000)
  from space 5120K, 99% used [0x00000000e6600000,0x00000000e6afbf90,0x00000000e6b00000)
  to   space 5632K, 0% used [0x00000000f0000000,0x00000000f0000000,0x00000000f0580000)
 ParOldGen       total 84992K, used 7663K [0x0000000084c00000, 0x0000000089f00000, 0x00000000d6f00000)
  object space 84992K, 9% used [0x0000000084c00000,0x000000008537bf50,0x0000000089f00000)
 Metaspace       used 17885K, capacity 18168K, committed 18560K, reserved 1064960K
  class space    used 2049K, capacity 2110K, committed 2176K, reserved 1048576K
}
Event: 8.543 GC heap before
{Heap before GC invocations=10 (full 0):
 PSYoungGen      total 258048K, used 258031K [0x00000000d6f00000, 0x00000000f0580000, 0x0000000100000000)
  eden space 252928K, 100% used [0x00000000d6f00000,0x00000000e6600000,0x00000000e6600000)
  from space 5120K, 99% used [0x00000000e6600000,0x00000000e6afbf90,0x00000000e6b00000)
  to   space 5632K, 0% used [0x00000000f0000000,0x00000000f0000000,0x00000000f0580000)
 ParOldGen       total 84992K, used 7663K [0x0000000084c00000, 0x0000000089f00000, 0x00000000d6f00000)
  object space 84992K, 9% used [0x0000000084c00000,0x000000008537bf50,0x0000000089f00000)
 Metaspace       used 17890K, capacity 18168K, committed 18560K, reserved 1064960K
  class space    used 2049K, capacity 2110K, committed 2176K, reserved 1048576K
Event: 8.552 GC heap after
Heap after GC invocations=10 (full 0):
 PSYoungGen      total 410112K, used 5135K [0x00000000d6f00000, 0x00000000f0680000, 0x0000000100000000)
  eden space 404480K, 0% used [0x00000000d6f00000,0x00000000d6f00000,0x00000000efa00000)
  from space 5632K, 91% used [0x00000000f0000000,0x00000000f0503d50,0x00000000f0580000)
  to   space 6144K, 0% used [0x00000000efa00000,0x00000000efa00000,0x00000000f0000000)
 ParOldGen       total 84992K, used 8360K [0x0000000084c00000, 0x0000000089f00000, 0x00000000d6f00000)
  object space 84992K, 9% used [0x0000000084c00000,0x000000008542a190,0x0000000089f00000)
 Metaspace       used 17890K, capacity 18168K, committed 18560K, reserved 1064960K
  class space    used 2049K, capacity 2110K, committed 2176K, reserved 1048576K
}
Event: 9.007 GC heap before
{Heap before GC invocations=11 (full 0):
 PSYoungGen      total 410112K, used 409615K [0x00000000d6f00000, 0x00000000f0680000, 0x0000000100000000)
  eden space 404480K, 100% used [0x00000000d6f00000,0x00000000efa00000,0x00000000efa00000)
  from space 5632K, 91% used [0x00000000f0000000,0x00000000f0503d50,0x00000000f0580000)
  to   space 6144K, 0% used [0x00000000efa00000,0x00000000efa00000,0x00000000f0000000)
 ParOldGen       total 84992K, used 8360K [0x0000000084c00000, 0x0000000089f00000, 0x00000000d6f00000)
  object space 84992K, 9% used [0x0000000084c00000,0x000000008542a190,0x0000000089f00000)
 Metaspace       used 17907K, capacity 18168K, committed 18560K, reserved 1064960K
  class space    used 2049K, capacity 2110K, committed 2176K, reserved 1048576K

